0 info it worked if it ends with ok
1 verbose cli [ '/usr/local/bin/node', '/usr/local/bin/npm', 'publish' ]
2 info using npm@3.10.6
3 info using node@v4.5.0
4 verbose publish [ '.' ]
5 silly cache add args [ '.', null ]
6 verbose cache add spec .
7 silly cache add parsed spec Result {
7 silly cache add   raw: '.',
7 silly cache add   scope: null,
7 silly cache add   escapedName: null,
7 silly cache add   name: null,
7 silly cache add   rawSpec: '.',
7 silly cache add   spec: '/Users/maciejsitko/WebstormProjects/untitled5',
7 silly cache add   type: 'directory' }
8 verbose addLocalDirectory /Users/maciejsitko/.npm/thru/0.0.1/package.tgz not in flight; packing
9 verbose correctMkdir /Users/maciejsitko/.npm correctMkdir not in flight; initializing
10 info lifecycle thru@0.0.1~prepublish: thru@0.0.1
11 silly lifecycle thru@0.0.1~prepublish: no script for prepublish, continuing
12 verbose tar pack [ '/Users/maciejsitko/.npm/thru/0.0.1/package.tgz',
12 verbose tar pack   '/Users/maciejsitko/WebstormProjects/untitled5' ]
13 verbose tarball /Users/maciejsitko/.npm/thru/0.0.1/package.tgz
14 verbose folder /Users/maciejsitko/WebstormProjects/untitled5
15 verbose addLocalTarball adding from inside cache /Users/maciejsitko/.npm/thru/0.0.1/package.tgz
16 verbose correctMkdir /Users/maciejsitko/.npm correctMkdir not in flight; initializing
17 silly cache afterAdd thru@0.0.1
18 verbose afterAdd /Users/maciejsitko/.npm/thru/0.0.1/package/package.json not in flight; writing
19 verbose correctMkdir /Users/maciejsitko/.npm correctMkdir not in flight; initializing
20 verbose afterAdd /Users/maciejsitko/.npm/thru/0.0.1/package/package.json written
21 silly publish { name: 'thru',
21 silly publish   version: '0.0.1',
21 silly publish   description: 'Ajax Middleware',
21 silly publish   main: 'dist/thru.umd.js',
21 silly publish   dependencies: { 'es6-promise': '^4.0.5', 'isomorphic-fetch': '^2.2.1' },
21 silly publish   devDependencies:
21 silly publish    { axios: '^0.15.3',
21 silly publish      'babel-core': '^6.22.1',
21 silly publish      'babel-loader': '^6.2.10',
21 silly publish      'babel-polyfill': '^6.22.0',
21 silly publish      'babel-preset-es2015': '^6.22.0',
21 silly publish      'browser-sync': '^2.18.7',
21 silly publish      'browser-sync-webpack-plugin': '^1.1.4',
21 silly publish      'es6-promise': '^4.0.5',
21 silly publish      'http-status-codes': '^1.1.6',
21 silly publish      jquery: '^3.1.1',
21 silly publish      karma: '^1.4.1',
21 silly publish      'karma-chrome-launcher': '^2.0.0',
21 silly publish      'karma-coverage': '^1.1.1',
21 silly publish      'karma-phantomjs-launcher': '^1.0.2',
21 silly publish      'karma-tap': '^3.1.1',
21 silly publish      'karma-tape-reporter': '^1.0.3',
21 silly publish      'karma-webpack': '^2.0.2',
21 silly publish      tape: '^4.6.3',
21 silly publish      webpack: '^2.2.1',
21 silly publish      yargs: '^6.6.0' },
21 silly publish   scripts:
21 silly publish    { dev: 'webpack.cmd --watch',
21 silly publish      test: 'karma.cmd start karma.conf.js' },
21 silly publish   repository:
21 silly publish    { type: 'git',
21 silly publish      url: 'git+https://github.com/graforlock/thru.git' },
21 silly publish   keywords: [ 'middleware', 'ajax' ],
21 silly publish   author: { name: 'Maciej Sitko' },
21 silly publish   license: 'ISC',
21 silly publish   bugs: { url: 'https://github.com/graforlock/thru/issues' },
21 silly publish   homepage: 'https://github.com/graforlock/thru#readme',
21 silly publish   readme: '# [thru]()\n\nA simple middleware wrapper for `fetch` and other promise-based, HTTP libraries.\n \nExample usage:\n\n### 1) With `fetch` :\n```javascript\nimport { middlewareClient } from \'thru\';\n\n/* ... all other necessary imports ... */\n\nconst client = middlewareClient( \n  updateState, \n  setCookies,\n  checkResponse\n);\n\nclient.fetchJSON(API)\n .then(Result => Result.unwrap()) //-> This returns parsed JSON object.\n .then(JSON => /* do something */);\n\n\nclient.fetch(API)\n .then(Result => Result.unwrap()) //-> This returns Response object.\n .then(Response => /* do something */);\n\n \n ```\n \n### 2) All `other Promise` use cases :\n```javascript\nimport { middlewareClient } from \'thru\';\n\n/* ... all other necessary imports ... */\n\nconst client = middlewareClient( \n  updateState, \n  setCookies,\n  checkResponse\n);\n\nclient.request(axios.get, constants.API)\n .then(Result => Result); //-> This returns Result type with axios compatible response.\n\nclient.request($.post, constants.API, settings)\n .then(Result => Result); //-> This returns Result type with jquery compatible response.\n```\n\n\n',
21 silly publish   readmeFilename: 'README.md',
21 silly publish   gitHead: 'ce1b5e77a6676e9723ec2cc344ddc499533f5b1d',
21 silly publish   _id: 'thru@0.0.1',
21 silly publish   _shasum: '5c2ce0d2a7410c571c425efa2dc241f8c9c6e5db',
21 silly publish   _from: '.' }
22 verbose getPublishConfig undefined
23 silly mapToRegistry name thru
24 silly mapToRegistry using default registry
25 silly mapToRegistry registry https://registry.npmjs.org/
26 silly mapToRegistry data Result {
26 silly mapToRegistry   raw: 'thru',
26 silly mapToRegistry   scope: null,
26 silly mapToRegistry   escapedName: 'thru',
26 silly mapToRegistry   name: 'thru',
26 silly mapToRegistry   rawSpec: '',
26 silly mapToRegistry   spec: 'latest',
26 silly mapToRegistry   type: 'tag' }
27 silly mapToRegistry uri https://registry.npmjs.org/thru
28 verbose publish registryBase https://registry.npmjs.org/
29 silly publish uploading /Users/maciejsitko/.npm/thru/0.0.1/package.tgz
30 verbose request uri https://registry.npmjs.org/thru
31 verbose request sending authorization for write operation
32 info attempt registry request try #1 at 8:52:56 PM
33 verbose request using bearer token for auth
34 verbose request id 3cee99d8982c3077
35 http request PUT https://registry.npmjs.org/thru
36 http 403 https://registry.npmjs.org/thru
37 verbose headers { 'content-type': 'application/json',
37 verbose headers   'cache-control': 'max-age=300',
37 verbose headers   'content-length': '98',
37 verbose headers   'accept-ranges': 'bytes',
37 verbose headers   date: 'Sun, 12 Feb 2017 20:53:00 GMT',
37 verbose headers   via: '1.1 varnish',
37 verbose headers   connection: 'keep-alive',
37 verbose headers   'x-served-by': 'cache-lcy1128-LCY',
37 verbose headers   'x-cache': 'MISS',
37 verbose headers   'x-cache-hits': '0',
37 verbose headers   'x-timer': 'S1486932779.215390,VS0,VE1038',
37 verbose headers   vary: 'Accept-Encoding' }
38 verbose request invalidating /Users/maciejsitko/.npm/registry.npmjs.org/thru on PUT
39 error publish Failed PUT 403
40 verbose stack Error: you do not have permission to publish "thru". Are you logged in as the correct user? : thru
40 verbose stack     at makeError (/usr/local/lib/node_modules/npm/node_modules/npm-registry-client/lib/request.js:264:12)
40 verbose stack     at CachingRegistryClient.<anonymous> (/usr/local/lib/node_modules/npm/node_modules/npm-registry-client/lib/request.js:252:14)
40 verbose stack     at Request._callback (/usr/local/lib/node_modules/npm/node_modules/npm-registry-client/lib/request.js:172:14)
40 verbose stack     at Request.self.callback (/usr/local/lib/node_modules/npm/node_modules/request/request.js:200:22)
40 verbose stack     at emitTwo (events.js:87:13)
40 verbose stack     at Request.emit (events.js:172:7)
40 verbose stack     at Request.<anonymous> (/usr/local/lib/node_modules/npm/node_modules/request/request.js:1067:10)
40 verbose stack     at emitOne (events.js:82:20)
40 verbose stack     at Request.emit (events.js:169:7)
40 verbose stack     at IncomingMessage.<anonymous> (/usr/local/lib/node_modules/npm/node_modules/request/request.js:988:12)
41 verbose statusCode 403
42 verbose pkgid thru
43 verbose cwd /Users/maciejsitko/WebstormProjects/untitled5
44 error Darwin 16.3.0
45 error argv "/usr/local/bin/node" "/usr/local/bin/npm" "publish"
46 error node v4.5.0
47 error npm  v3.10.6
48 error code E403
49 error you do not have permission to publish "thru". Are you logged in as the correct user? : thru
50 error If you need help, you may report this error at:
50 error     <https://github.com/npm/npm/issues>
51 verbose exit [ 1, true ]
